<?xml version='1.0'?>
<ns2:test-suite xmlns:ns2='urn:model.allure.qatools.yandex.ru' start='1621637048076' stop='1621637052103'>
    <name>The Internet Guinea Pig Website: As a user, I can log into the secure area</name>
    <title>The Internet Guinea Pig Website: As a user, I can log into the secure area</title>
    <test-cases>
        <test-case start='1621637048076' status='passed' stop='1621637048079'>
            <name></name>
            <title></title>
            <labels>
                <label name='language' value='javascript'/>
                <label name='framework' value='wdio'/>
                <label name='thread' value='0-0'/>
            </labels>
            <parameters>
                <parameter kind='argument' name='browser' value='chrome-90.0.4430.212'/>
            </parameters>
            <steps/>
            <attachments/>
        </test-case>
        <test-case start='1621637048079' status='passed' stop='1621637052054'>
            <name>Given I am on the login page</name>
            <title>Given I am on the login page</title>
            <labels>
                <label name='language' value='javascript'/>
                <label name='framework' value='wdio'/>
                <label name='thread' value='0-0'/>
            </labels>
            <parameters>
                <parameter kind='argument' name='browser' value='chrome-90.0.4430.212'/>
            </parameters>
            <steps/>
            <attachments/>
        </test-case>
        <test-case start='1621637052054' status='broken' stop='1621637052101'>
            <name>When I login with tomsmith and SuperSecretPassword!</name>
            <title>When I login with tomsmith and SuperSecretPassword!</title>
            <labels>
                <label name='language' value='javascript'/>
                <label name='framework' value='wdio'/>
                <label name='thread' value='0-0'/>
            </labels>
            <parameters>
                <parameter kind='argument' name='browser' value='chrome-90.0.4430.212'/>
            </parameters>
            <steps/>
            <attachments/>
            <failure>
                <message>invalid selector: invalid selector: An invalid or illegal selector was specified</message>
                <stack-trace>invalid selector: invalid selector: An invalid or illegal selector was specified
                  (Session info: chrome=90.0.4430.212)
                    at Object.getErrorFromResponseBody (/Users/kapatrickwhitfield/development/projects/automation_challenge_c/node_modules/webdriver/build/utils.js:189:12)
                    at WebDriverRequest._request (/Users/kapatrickwhitfield/development/projects/automation_challenge_c/node_modules/webdriver/build/request.js:168:31)
                    at processTicksAndRejections (internal/process/task_queues.js:93:5)
                    at Browser.wrapCommandFn (/Users/kapatrickwhitfield/development/projects/automation_challenge_c/node_modules/@wdio/utils/build/shim.js:78:29)
                    at Browser.$ (/Users/kapatrickwhitfield/development/projects/automation_challenge_c/node_modules/webdriverio/build/commands/browser/$.js:83:17)
                    at Browser.wrapCommandFn (/Users/kapatrickwhitfield/development/projects/automation_challenge_c/node_modules/@wdio/utils/build/shim.js:78:29)
                    at LoginPage.login (/Users/kapatrickwhitfield/development/projects/automation_challenge_c/features/pageobjects/login.page.js:19:16)
                    at World.&lt;anonymous> (/Users/kapatrickwhitfield/development/projects/automation_challenge_c/features/step-definitions/steps.js:15:5)
                    at World.executeAsync (/Users/kapatrickwhitfield/development/projects/automation_challenge_c/node_modules/@wdio/utils/build/shim.js:136:16)
                    at World.testFrameworkFnWrapper (/Users/kapatrickwhitfield/development/projects/automation_challenge_c/node_modules/@wdio/utils/build/test-framework/testFnWrapper.js:52:18)</stack-trace>
            </failure>
        </test-case>
        <test-case start='1621637052102' status='undefined'>
            <name>Then I should see a flash message saying You logged into a secure area!</name>
            <title>Then I should see a flash message saying You logged into a secure area!</title>
            <labels>
                <label name='language' value='javascript'/>
                <label name='framework' value='wdio'/>
                <label name='thread' value='0-0'/>
            </labels>
            <parameters>
                <parameter kind='argument' name='browser' value='chrome-90.0.4430.212'/>
            </parameters>
            <steps/>
            <attachments/>
        </test-case>
        <test-case start='1621637052102' status='pending' stop='1621637052102'>
            <name>I should see a flash message saying You logged into a secure area!</name>
            <title>I should see a flash message saying You logged into a secure area!</title>
            <labels/>
            <parameters/>
            <steps/>
            <attachments/>
            <failure>
                <message>Test ignored</message>
                <stack-trace>undefined</stack-trace>
            </failure>
        </test-case>
        <test-case start='1621637052102' status='passed' stop='1621637052102'>
            <name></name>
            <title></title>
            <labels>
                <label name='language' value='javascript'/>
                <label name='framework' value='wdio'/>
                <label name='thread' value='0-0'/>
            </labels>
            <parameters>
                <parameter kind='argument' name='browser' value='chrome-90.0.4430.212'/>
            </parameters>
            <steps/>
            <attachments/>
        </test-case>
    </test-cases>
</ns2:test-suite>